INFO: Running with entropic power schedule (0xFF, 100).
INFO: Seed: 3576642924
INFO: Loaded 1 modules   (272 inline 8-bit counters): 272 [0x5617acda9330, 0x5617acda9440), 
INFO: Loaded 1 PC tables (272 PCs): 272 [0x5617acda9440,0x5617acdaa540), 
MERGE-OUTER: 70 files, 0 in the initial corpus, 0 processed earlier
MERGE-OUTER: attempt 1
INFO: Running with entropic power schedule (0xFF, 100).
INFO: Seed: 3576651078
INFO: Loaded 1 modules   (272 inline 8-bit counters): 272 [0x560d84b57330, 0x560d84b57440), 
INFO: Loaded 1 PC tables (272 PCs): 272 [0x560d84b57440,0x560d84b58540), 
INFO: -max_len is not provided; libFuzzer will not generate inputs larger than 1048576 bytes
MERGE-INNER: using the control file '/tmp/libFuzzerTemp.Merge93.txt'
MERGE-INNER: 70 total files; 0 processed earlier; will process 70 files now
#1	pulse  cov: 11 ft: 12 exec/s: 0 rss: 28Mb
#2	pulse  cov: 14 ft: 15 exec/s: 0 rss: 28Mb
#4	pulse  cov: 21 ft: 22 exec/s: 0 rss: 28Mb
#8	pulse  cov: 33 ft: 34 exec/s: 0 rss: 28Mb
#16	pulse  cov: 57 ft: 61 exec/s: 0 rss: 28Mb
#32	pulse  cov: 94 ft: 114 exec/s: 0 rss: 28Mb
#64	pulse  cov: 135 ft: 242 exec/s: 0 rss: 28Mb
#70	DONE   cov: 135 ft: 259 exec/s: 0 rss: 28Mb
MERGE-OUTER: successful in 1 attempt(s)
MERGE-OUTER: the control file has 9905 bytes
MERGE-OUTER: consumed 0Mb (28Mb rss) to parse the control file
MERGE-OUTER: 68 new files with 259 new features added; 135 new coverage edges
